[2026-06-18 13:41:27] SKIP peptidepedia — not a git repo (/home/marshall/peptidepedia)
[2026-06-18 13:41:30] CREATED private remote asaasinai/owenator for owenator
[2026-06-18 13:41:32] OK owenator — pushed all branches (2 on origin)
[2026-06-18 13:41:32] SKIP neuronova — not a git repo (/home/marshall/neuronova)
[2026-06-18 13:41:32] BLOCK gotxring — secret-like files in history, NOT pushing: .env.example 
[2026-06-18 13:41:33] OK deal-intake — pushed all branches (2 on origin)
[2026-06-18 13:41:36] CREATED private remote asaasinai/tribe-internal for mindwave
[2026-06-18 13:41:37] OK mindwave — pushed all branches (0 on origin)
[2026-06-18 13:41:37] BLOCK qbvault — secret-like files in history, NOT pushing: .env.example 
[2026-06-18 13:41:39] CREATED private remote asaasinai/redbird-app for redbird-state
[2026-06-18 13:41:43] OK redbird-state — pushed all branches (2 on origin)
[2026-06-18 13:41:45] CREATED private remote asaasinai/truenumber for truenumber
[2026-06-18 13:41:48] OK truenumber — pushed all branches (2 on origin)
[2026-06-18 13:41:50] OK defacto-x — pushed all branches (2 on origin)
[2026-06-18 13:41:50] BLOCK aspn-treos — secret-like files in history, NOT pushing: .env.example 
[2026-06-18 13:42:35] SKIP peptidepedia — not a git repo (/home/marshall/peptidepedia)
[2026-06-18 13:42:36] OK owenator — pushed all branches (2 on origin)
[2026-06-18 13:42:36] SKIP neuronova — not a git repo (/home/marshall/neuronova)
[2026-06-18 13:42:38] OK gotxring — pushed all branches (1 on origin)
[2026-06-18 13:42:39] OK deal-intake — pushed all branches (2 on origin)
[2026-06-18 13:42:40] OK mindwave — pushed all branches (0 on origin)
[2026-06-18 13:42:43] CREATED private remote asaasinai/qbvault for qbvault
[2026-06-18 13:42:45] OK qbvault — pushed all branches (1 on origin)
[2026-06-18 13:42:46] OK redbird-state — pushed all branches (2 on origin)
[2026-06-18 13:42:48] OK truenumber — pushed all branches (2 on origin)
[2026-06-18 13:42:49] OK defacto-x — pushed all branches (2 on origin)
[2026-06-18 13:42:51] OK aspn-treos — pushed all branches (11 on origin)
[2026-06-18 13:45:01] SKIP peptidepedia — not a git repo (/home/marshall/peptidepedia)
[2026-06-18 13:45:03] OK owenator — pushed all branches (2 on origin)
[2026-06-18 13:45:03] SKIP neuronova — not a git repo (/home/marshall/neuronova)
[2026-06-18 13:45:04] OK gotxring — pushed all branches (1 on origin)
[2026-06-18 13:45:05] OK deal-intake — pushed all branches (2 on origin)
[2026-06-18 13:45:07] OK mindwave — pushed all branches (0 on origin)
[2026-06-18 13:45:08] OK qbvault — pushed all branches (1 on origin)
[2026-06-18 13:45:10] OK redbird-state — pushed all branches (2 on origin)
[2026-06-18 13:45:11] OK truenumber — pushed all branches (2 on origin)
[2026-06-18 13:45:12] OK defacto-x — pushed all branches (2 on origin)
[2026-06-18 13:45:14] OK aspn-treos — pushed all branches (11 on origin)
[2026-06-18 13:46:18] OK peptidepedia — pushed all branches (1 on origin)
[2026-06-18 13:53:33] OK defacto-x — pushed all branches (2 on origin)
[2026-06-18 14:00:02] OK peptidepedia — pushed all branches (1 on origin)
[2026-06-18 14:00:04] OK owenator — pushed all branches (2 on origin)
[2026-06-18 14:00:04] SKIP neuronova — not a git repo (/home/marshall/neuronova)
[2026-06-18 14:00:05] OK gotxring — pushed all branches (1 on origin)
[2026-06-18 14:00:07] OK deal-intake — pushed all branches (3 on origin)
[2026-06-18 14:00:09] OK mindwave — pushed all branches (0 on origin)
[2026-06-18 14:00:10] OK qbvault — pushed all branches (1 on origin)
[2026-06-18 14:00:12] OK redbird-state — pushed all branches (2 on origin)
[2026-06-18 14:00:13] OK truenumber — pushed all branches (2 on origin)
[2026-06-18 14:00:16] OK defacto-x — pushed all branches (3 on origin)
[2026-06-18 14:00:18] OK aspn-treos — pushed all branches (11 on origin)
[2026-06-18 14:03:11] OK defacto-x — pushed all branches (3 on origin)
[2026-06-18 14:15:03] OK peptidepedia — pushed all branches (1 on origin)
[2026-06-18 14:15:04] OK owenator — pushed all branches (2 on origin)
[2026-06-18 14:15:04] SKIP neuronova — not a git repo (/home/marshall/neuronova)
[2026-06-18 14:15:05] OK gotxring — pushed all branches (1 on origin)
[2026-06-18 14:15:07] OK deal-intake — pushed all branches (3 on origin)
[2026-06-18 14:15:09] OK mindwave — pushed all branches (0 on origin)
[2026-06-18 14:15:10] OK qbvault — pushed all branches (1 on origin)
[2026-06-18 14:15:12] OK redbird-state — pushed all branches (2 on origin)
[2026-06-18 14:15:13] OK truenumber — pushed all branches (2 on origin)
[2026-06-18 14:15:15] OK defacto-x — pushed all branches (3 on origin)
[2026-06-18 14:15:16] OK aspn-treos — pushed all branches (11 on origin)
[2026-06-18 14:30:03] OK peptidepedia — pushed all branches (1 on origin)
[2026-06-18 14:30:04] OK owenator — pushed all branches (2 on origin)
[2026-06-18 14:30:04] SKIP neuronova — not a git repo (/home/marshall/neuronova)
[2026-06-18 14:30:05] OK gotxring — pushed all branches (1 on origin)
[2026-06-18 14:30:08] OK deal-intake — pushed all branches (3 on origin)
[2026-06-18 14:30:09] OK mindwave — pushed all branches (0 on origin)
[2026-06-18 14:30:10] OK qbvault — pushed all branches (1 on origin)
[2026-06-18 14:30:12] OK redbird-state — pushed all branches (2 on origin)
[2026-06-18 14:30:13] OK truenumber — pushed all branches (2 on origin)
[2026-06-18 14:30:15] OK defacto-x — pushed all branches (3 on origin)
[2026-06-18 14:30:16] OK aspn-treos — pushed all branches (11 on origin)
[2026-06-18 14:32:57] OK defacto-x — pushed all branches (3 on origin)
[2026-06-18 14:45:03] OK peptidepedia — pushed all branches (1 on origin)
[2026-06-18 14:45:04] OK owenator — pushed all branches (2 on origin)
[2026-06-18 14:45:04] SKIP neuronova — not a git repo (/home/marshall/neuronova)
[2026-06-18 14:45:06] OK gotxring — pushed all branches (1 on origin)
[2026-06-18 14:45:08] OK deal-intake — pushed all branches (3 on origin)
[2026-06-18 14:45:09] OK mindwave — pushed all branches (0 on origin)
[2026-06-18 14:45:11] OK qbvault — pushed all branches (1 on origin)
[2026-06-18 14:45:12] OK redbird-state — pushed all branches (2 on origin)
[2026-06-18 14:45:14] OK truenumber — pushed all branches (2 on origin)
[2026-06-18 14:45:15] OK defacto-x — pushed all branches (3 on origin)
[2026-06-18 14:45:17] OK aspn-treos — pushed all branches (11 on origin)
[2026-06-18 15:00:02] OK peptidepedia — pushed all branches (1 on origin)
[2026-06-18 15:00:04] OK owenator — pushed all branches (2 on origin)
[2026-06-18 15:00:04] SKIP neuronova — not a git repo (/home/marshall/neuronova)
[2026-06-18 15:00:05] OK gotxring — pushed all branches (1 on origin)
[2026-06-18 15:00:07] OK deal-intake — pushed all branches (3 on origin)
[2026-06-18 15:00:09] OK mindwave — pushed all branches (0 on origin)
[2026-06-18 15:00:10] OK qbvault — pushed all branches (1 on origin)
[2026-06-18 15:00:12] OK redbird-state — pushed all branches (2 on origin)
[2026-06-18 15:00:13] OK truenumber — pushed all branches (2 on origin)
[2026-06-18 15:00:15] OK defacto-x — pushed all branches (3 on origin)
[2026-06-18 15:00:16] OK aspn-treos — pushed all branches (11 on origin)
[2026-06-18 15:09:16] OK defacto-x — pushed all branches (3 on origin)
[2026-06-18 15:15:03] OK peptidepedia — pushed all branches (1 on origin)
[2026-06-18 15:15:04] OK owenator — pushed all branches (2 on origin)
[2026-06-18 15:15:04] SKIP neuronova — not a git repo (/home/marshall/neuronova)
[2026-06-18 15:15:06] OK gotxring — pushed all branches (1 on origin)
[2026-06-18 15:15:07] OK deal-intake — pushed all branches (3 on origin)
[2026-06-18 15:15:09] OK mindwave — pushed all branches (0 on origin)
[2026-06-18 15:15:10] OK qbvault — pushed all branches (1 on origin)
[2026-06-18 15:15:12] OK redbird-state — pushed all branches (2 on origin)
[2026-06-18 15:15:13] OK truenumber — pushed all branches (2 on origin)
[2026-06-18 15:15:14] OK defacto-x — pushed all branches (3 on origin)
[2026-06-18 15:15:16] OK aspn-treos — pushed all branches (11 on origin)
[2026-06-18 15:28:02] CREATED private remote asaasinai/biosignal for biosignal
[2026-06-18 15:28:04] OK biosignal — pushed all branches (2 on origin)
[2026-06-18 15:30:03] OK peptidepedia — pushed all branches (1 on origin)
[2026-06-18 15:30:04] OK owenator — pushed all branches (2 on origin)
[2026-06-18 15:30:04] SKIP neuronova — not a git repo (/home/marshall/neuronova)
[2026-06-18 15:30:05] OK gotxring — pushed all branches (1 on origin)
[2026-06-18 15:30:08] OK deal-intake — pushed all branches (3 on origin)
[2026-06-18 15:30:09] OK mindwave — pushed all branches (0 on origin)
[2026-06-18 15:30:10] OK qbvault — pushed all branches (1 on origin)
[2026-06-18 15:30:12] OK redbird-state — pushed all branches (2 on origin)
[2026-06-18 15:30:13] OK truenumber — pushed all branches (2 on origin)
[2026-06-18 15:30:14] OK defacto-x — pushed all branches (3 on origin)
[2026-06-18 15:30:17] OK biosignal — pushed all branches (2 on origin)
[2026-06-18 15:30:18] OK aspn-treos — pushed all branches (11 on origin)
[2026-06-18 15:35:22] OK biosignal — pushed all branches (2 on origin)
[2026-06-18 15:40:38] OK biosignal — pushed all branches (2 on origin)
[2026-06-18 15:42:26] FAIL biosignal — push errored (see: git -C /home/marshall/biosignal push origin --all)
[2026-06-18 15:45:02] OK peptidepedia — pushed all branches (1 on origin)
[2026-06-18 15:45:03] OK owenator — pushed all branches (2 on origin)
[2026-06-18 15:45:03] SKIP neuronova — not a git repo (/home/marshall/neuronova)
[2026-06-18 15:45:05] OK gotxring — pushed all branches (1 on origin)
[2026-06-18 15:45:06] OK deal-intake — pushed all branches (3 on origin)
[2026-06-18 15:45:08] OK mindwave — pushed all branches (0 on origin)
[2026-06-18 15:45:09] OK qbvault — pushed all branches (1 on origin)
[2026-06-18 15:45:10] OK redbird-state — pushed all branches (2 on origin)
[2026-06-18 15:45:12] OK truenumber — pushed all branches (2 on origin)
[2026-06-18 15:45:13] OK defacto-x — pushed all branches (3 on origin)
[2026-06-18 15:45:15] OK biosignal — pushed all branches (2 on origin)
[2026-06-18 15:45:16] OK aspn-treos — pushed all branches (11 on origin)
[2026-06-18 15:46:48] OK biosignal — pushed all branches (2 on origin)
[2026-06-18 16:00:02] OK peptidepedia — pushed all branches (1 on origin)
[2026-06-18 16:00:03] OK owenator — pushed all branches (2 on origin)
[2026-06-18 16:00:03] SKIP neuronova — not a git repo (/home/marshall/neuronova)
[2026-06-18 16:00:05] OK gotxring — pushed all branches (1 on origin)
[2026-06-18 16:00:05] OK biosignal — pushed all branches (2 on origin)
[2026-06-18 16:00:07] OK deal-intake — pushed all branches (3 on origin)
[2026-06-18 16:00:08] OK mindwave — pushed all branches (0 on origin)
[2026-06-18 16:00:10] OK qbvault — pushed all branches (1 on origin)
[2026-06-18 16:00:11] OK redbird-state — pushed all branches (2 on origin)
[2026-06-18 16:00:13] OK truenumber — pushed all branches (2 on origin)
[2026-06-18 16:00:14] OK defacto-x — pushed all branches (3 on origin)
[2026-06-18 16:00:16] OK biosignal — pushed all branches (2 on origin)
[2026-06-18 16:00:17] OK aspn-treos — pushed all branches (11 on origin)
[2026-06-18 16:05:44] OK biosignal — pushed all branches (2 on origin)
[2026-06-18 16:10:09] OK biosignal — pushed all branches (2 on origin)
[2026-06-18 16:15:02] OK peptidepedia — pushed all branches (1 on origin)
[2026-06-18 16:15:03] OK owenator — pushed all branches (2 on origin)
[2026-06-18 16:15:03] SKIP neuronova — not a git repo (/home/marshall/neuronova)
[2026-06-18 16:15:05] OK gotxring — pushed all branches (1 on origin)
[2026-06-18 16:15:07] OK deal-intake — pushed all branches (3 on origin)
[2026-06-18 16:15:09] OK mindwave — pushed all branches (0 on origin)
[2026-06-18 16:15:10] OK qbvault — pushed all branches (1 on origin)
[2026-06-18 16:15:11] OK redbird-state — pushed all branches (2 on origin)
[2026-06-18 16:15:13] OK truenumber — pushed all branches (2 on origin)
[2026-06-18 16:15:14] OK defacto-x — pushed all branches (3 on origin)
[2026-06-18 16:15:16] OK biosignal — pushed all branches (2 on origin)
[2026-06-18 16:15:17] OK aspn-treos — pushed all branches (11 on origin)
[2026-06-18 16:16:54] OK biosignal — pushed all branches (2 on origin)
[2026-06-18 16:25:50] OK biosignal — pushed all branches (2 on origin)
[2026-06-18 16:30:03] OK peptidepedia — pushed all branches (1 on origin)
[2026-06-18 16:30:04] OK owenator — pushed all branches (2 on origin)
[2026-06-18 16:30:04] SKIP neuronova — not a git repo (/home/marshall/neuronova)
[2026-06-18 16:30:05] OK gotxring — pushed all branches (1 on origin)
[2026-06-18 16:30:08] OK deal-intake — pushed all branches (3 on origin)
[2026-06-18 16:30:09] OK mindwave — pushed all branches (0 on origin)
[2026-06-18 16:30:11] OK qbvault — pushed all branches (1 on origin)
[2026-06-18 16:30:12] OK redbird-state — pushed all branches (2 on origin)
[2026-06-18 16:30:13] OK truenumber — pushed all branches (2 on origin)
[2026-06-18 16:30:15] OK defacto-x — pushed all branches (3 on origin)
[2026-06-18 16:30:16] OK biosignal — pushed all branches (2 on origin)
[2026-06-18 16:30:18] OK aspn-treos — pushed all branches (11 on origin)
[2026-06-18 16:45:02] OK peptidepedia — pushed all branches (1 on origin)
[2026-06-18 16:45:04] OK owenator — pushed all branches (2 on origin)
[2026-06-18 16:45:04] SKIP neuronova — not a git repo (/home/marshall/neuronova)
[2026-06-18 16:45:05] OK gotxring — pushed all branches (1 on origin)
[2026-06-18 16:45:07] OK deal-intake — pushed all branches (3 on origin)
[2026-06-18 16:45:08] OK mindwave — pushed all branches (0 on origin)
[2026-06-18 16:45:10] OK qbvault — pushed all branches (1 on origin)
[2026-06-18 16:45:11] OK redbird-state — pushed all branches (2 on origin)
[2026-06-18 16:45:13] OK truenumber — pushed all branches (2 on origin)
[2026-06-18 16:45:14] OK defacto-x — pushed all branches (3 on origin)
[2026-06-18 16:45:16] OK biosignal — pushed all branches (2 on origin)
[2026-06-18 16:45:17] OK aspn-treos — pushed all branches (11 on origin)
[2026-06-18 16:52:22] OK biosignal — pushed all branches (2 on origin)
[2026-06-18 17:00:02] OK peptidepedia — pushed all branches (1 on origin)
[2026-06-18 17:00:04] OK owenator — pushed all branches (2 on origin)
[2026-06-18 17:00:04] SKIP neuronova — not a git repo (/home/marshall/neuronova)
[2026-06-18 17:00:05] OK gotxring — pushed all branches (1 on origin)
[2026-06-18 17:00:07] OK deal-intake — pushed all branches (3 on origin)
[2026-06-18 17:00:09] OK mindwave — pushed all branches (0 on origin)
[2026-06-18 17:00:10] OK qbvault — pushed all branches (1 on origin)
[2026-06-18 17:00:12] OK redbird-state — pushed all branches (2 on origin)
[2026-06-18 17:00:13] OK truenumber — pushed all branches (2 on origin)
[2026-06-18 17:00:15] OK defacto-x — pushed all branches (3 on origin)
[2026-06-18 17:00:16] OK biosignal — pushed all branches (2 on origin)
[2026-06-18 17:00:18] OK aspn-treos — pushed all branches (11 on origin)
[2026-06-18 17:00:46] OK biosignal — pushed all branches (2 on origin)
[2026-06-18 17:09:32] OK biosignal — pushed all branches (2 on origin)
[2026-06-18 17:14:51] OK biosignal — pushed all branches (2 on origin)
[2026-06-18 17:15:03] OK peptidepedia — pushed all branches (1 on origin)
[2026-06-18 17:15:04] OK owenator — pushed all branches (2 on origin)
[2026-06-18 17:15:04] SKIP neuronova — not a git repo (/home/marshall/neuronova)
[2026-06-18 17:15:05] OK gotxring — pushed all branches (1 on origin)
[2026-06-18 17:15:07] OK deal-intake — pushed all branches (3 on origin)
[2026-06-18 17:15:08] OK mindwave — pushed all branches (0 on origin)
[2026-06-18 17:15:10] OK qbvault — pushed all branches (1 on origin)
[2026-06-18 17:15:11] OK redbird-state — pushed all branches (2 on origin)
[2026-06-18 17:15:12] OK truenumber — pushed all branches (2 on origin)
[2026-06-18 17:15:14] OK defacto-x — pushed all branches (3 on origin)
[2026-06-18 17:15:15] OK biosignal — pushed all branches (2 on origin)
[2026-06-18 17:15:17] OK aspn-treos — pushed all branches (11 on origin)
[2026-06-18 17:19:37] OK biosignal — pushed all branches (2 on origin)
[2026-06-18 17:21:54] OK biosignal — pushed all branches (2 on origin)
[2026-06-18 17:28:36] OK biosignal — pushed all branches (2 on origin)
[2026-06-18 17:30:03] OK peptidepedia — pushed all branches (1 on origin)
[2026-06-18 17:30:04] OK owenator — pushed all branches (2 on origin)
[2026-06-18 17:30:04] SKIP neuronova — not a git repo (/home/marshall/neuronova)
[2026-06-18 17:30:05] OK gotxring — pushed all branches (1 on origin)
[2026-06-18 17:30:07] OK deal-intake — pushed all branches (3 on origin)
[2026-06-18 17:30:08] OK mindwave — pushed all branches (0 on origin)
[2026-06-18 17:30:10] OK qbvault — pushed all branches (1 on origin)
[2026-06-18 17:30:11] OK redbird-state — pushed all branches (2 on origin)
[2026-06-18 17:30:13] OK truenumber — pushed all branches (2 on origin)
[2026-06-18 17:30:14] OK defacto-x — pushed all branches (3 on origin)
[2026-06-18 17:30:15] OK biosignal — pushed all branches (2 on origin)
[2026-06-18 17:30:17] OK aspn-treos — pushed all branches (11 on origin)
[2026-06-18 17:36:37] OK biosignal — pushed all branches (2 on origin)
[2026-06-18 17:45:02] OK peptidepedia — pushed all branches (1 on origin)
[2026-06-18 17:45:04] OK owenator — pushed all branches (2 on origin)
[2026-06-18 17:45:04] SKIP neuronova — not a git repo (/home/marshall/neuronova)
[2026-06-18 17:45:05] OK gotxring — pushed all branches (1 on origin)
[2026-06-18 17:45:07] OK deal-intake — pushed all branches (3 on origin)
[2026-06-18 17:45:08] OK mindwave — pushed all branches (0 on origin)
[2026-06-18 17:45:10] OK qbvault — pushed all branches (1 on origin)
[2026-06-18 17:45:11] OK redbird-state — pushed all branches (2 on origin)
[2026-06-18 17:45:13] OK truenumber — pushed all branches (2 on origin)
[2026-06-18 17:45:14] OK defacto-x — pushed all branches (3 on origin)
[2026-06-18 17:45:15] OK biosignal — pushed all branches (2 on origin)
[2026-06-18 17:45:17] OK aspn-treos — pushed all branches (11 on origin)
[2026-06-18 18:00:03] OK peptidepedia — pushed all branches (1 on origin)
[2026-06-18 18:00:04] OK owenator — pushed all branches (2 on origin)
[2026-06-18 18:00:04] SKIP neuronova — not a git repo (/home/marshall/neuronova)
[2026-06-18 18:00:05] OK gotxring — pushed all branches (1 on origin)
[2026-06-18 18:00:07] OK deal-intake — pushed all branches (3 on origin)
[2026-06-18 18:00:08] OK mindwave — pushed all branches (0 on origin)
[2026-06-18 18:00:10] OK qbvault — pushed all branches (1 on origin)
[2026-06-18 18:00:11] OK redbird-state — pushed all branches (2 on origin)
[2026-06-18 18:00:13] OK truenumber — pushed all branches (2 on origin)
[2026-06-18 18:00:14] OK defacto-x — pushed all branches (3 on origin)
[2026-06-18 18:00:16] OK biosignal — pushed all branches (2 on origin)
[2026-06-18 18:00:17] OK aspn-treos — pushed all branches (11 on origin)
[2026-06-18 18:01:11] OK biosignal — pushed all branches (2 on origin)
[2026-06-18 18:12:06] OK biosignal — pushed all branches (2 on origin)
[2026-06-18 18:15:03] OK peptidepedia — pushed all branches (1 on origin)
[2026-06-18 18:15:04] OK owenator — pushed all branches (2 on origin)
[2026-06-18 18:15:04] SKIP neuronova — not a git repo (/home/marshall/neuronova)
[2026-06-18 18:15:05] OK gotxring — pushed all branches (1 on origin)
[2026-06-18 18:15:07] OK deal-intake — pushed all branches (3 on origin)
[2026-06-18 18:15:08] OK mindwave — pushed all branches (0 on origin)
[2026-06-18 18:15:10] OK qbvault — pushed all branches (1 on origin)
[2026-06-18 18:15:11] OK redbird-state — pushed all branches (2 on origin)
[2026-06-18 18:15:13] OK truenumber — pushed all branches (2 on origin)
[2026-06-18 18:15:14] OK defacto-x — pushed all branches (3 on origin)
[2026-06-18 18:15:16] OK biosignal — pushed all branches (2 on origin)
[2026-06-18 18:15:17] OK aspn-treos — pushed all branches (11 on origin)
[2026-06-18 18:20:09] OK biosignal — pushed all branches (2 on origin)
[2026-06-18 18:30:03] OK peptidepedia — pushed all branches (1 on origin)
[2026-06-18 18:30:04] OK owenator — pushed all branches (2 on origin)
[2026-06-18 18:30:04] SKIP neuronova — not a git repo (/home/marshall/neuronova)
[2026-06-18 18:30:05] OK gotxring — pushed all branches (1 on origin)
[2026-06-18 18:30:07] OK deal-intake — pushed all branches (3 on origin)
[2026-06-18 18:30:08] OK mindwave — pushed all branches (0 on origin)
[2026-06-18 18:30:10] OK qbvault — pushed all branches (1 on origin)
[2026-06-18 18:30:11] OK redbird-state — pushed all branches (2 on origin)
[2026-06-18 18:30:13] OK truenumber — pushed all branches (2 on origin)
[2026-06-18 18:30:14] OK defacto-x — pushed all branches (3 on origin)
[2026-06-18 18:30:16] OK biosignal — pushed all branches (2 on origin)
[2026-06-18 18:30:17] OK aspn-treos — pushed all branches (11 on origin)
[2026-06-18 18:39:06] OK biosignal — pushed all branches (2 on origin)
[2026-06-18 18:45:03] OK peptidepedia — pushed all branches (1 on origin)
[2026-06-18 18:45:04] OK owenator — pushed all branches (2 on origin)
[2026-06-18 18:45:04] SKIP neuronova — not a git repo (/home/marshall/neuronova)
[2026-06-18 18:45:05] OK gotxring — pushed all branches (1 on origin)
[2026-06-18 18:45:07] OK deal-intake — pushed all branches (3 on origin)
[2026-06-18 18:45:08] OK mindwave — pushed all branches (0 on origin)
[2026-06-18 18:45:10] OK qbvault — pushed all branches (1 on origin)
[2026-06-18 18:45:11] OK redbird-state — pushed all branches (2 on origin)
[2026-06-18 18:45:13] OK truenumber — pushed all branches (2 on origin)
[2026-06-18 18:45:14] OK defacto-x — pushed all branches (3 on origin)
[2026-06-18 18:45:16] OK biosignal — pushed all branches (2 on origin)
[2026-06-18 18:45:17] OK aspn-treos — pushed all branches (11 on origin)
[2026-06-18 18:50:12] OK biosignal — pushed all branches (2 on origin)
[2026-06-18 19:00:03] OK peptidepedia — pushed all branches (1 on origin)
[2026-06-18 19:00:04] OK owenator — pushed all branches (2 on origin)
[2026-06-18 19:00:04] SKIP neuronova — not a git repo (/home/marshall/neuronova)
[2026-06-18 19:00:06] OK gotxring — pushed all branches (1 on origin)
[2026-06-18 19:00:07] OK deal-intake — pushed all branches (3 on origin)
[2026-06-18 19:00:08] OK mindwave — pushed all branches (0 on origin)
[2026-06-18 19:00:10] OK qbvault — pushed all branches (1 on origin)
[2026-06-18 19:00:11] OK redbird-state — pushed all branches (2 on origin)
[2026-06-18 19:00:13] OK truenumber — pushed all branches (2 on origin)
[2026-06-18 19:00:14] OK defacto-x — pushed all branches (3 on origin)
[2026-06-18 19:00:16] OK biosignal — pushed all branches (2 on origin)
[2026-06-18 19:00:17] OK aspn-treos — pushed all branches (11 on origin)
[2026-06-18 19:13:20] OK biosignal — pushed all branches (2 on origin)
[2026-06-18 19:15:02] OK peptidepedia — pushed all branches (1 on origin)
[2026-06-18 19:15:04] OK owenator — pushed all branches (2 on origin)
[2026-06-18 19:15:04] SKIP neuronova — not a git repo (/home/marshall/neuronova)
[2026-06-18 19:15:05] OK gotxring — pushed all branches (1 on origin)
[2026-06-18 19:15:06] OK deal-intake — pushed all branches (3 on origin)
[2026-06-18 19:15:08] OK mindwave — pushed all branches (0 on origin)
[2026-06-18 19:15:09] OK qbvault — pushed all branches (1 on origin)
[2026-06-18 19:15:11] OK redbird-state — pushed all branches (2 on origin)
[2026-06-18 19:15:12] OK truenumber — pushed all branches (2 on origin)
[2026-06-18 19:15:14] OK defacto-x — pushed all branches (3 on origin)
[2026-06-18 19:15:15] OK biosignal — pushed all branches (2 on origin)
[2026-06-18 19:15:16] OK aspn-treos — pushed all branches (11 on origin)
[2026-06-18 19:28:49] OK biosignal — pushed all branches (2 on origin)
[2026-06-18 19:30:02] OK peptidepedia — pushed all branches (1 on origin)
[2026-06-18 19:30:03] OK owenator — pushed all branches (2 on origin)
[2026-06-18 19:30:03] SKIP neuronova — not a git repo (/home/marshall/neuronova)
[2026-06-18 19:30:05] OK gotxring — pushed all branches (1 on origin)
[2026-06-18 19:30:06] OK deal-intake — pushed all branches (3 on origin)
[2026-06-18 19:30:08] OK mindwave — pushed all branches (0 on origin)
[2026-06-18 19:30:09] OK qbvault — pushed all branches (1 on origin)
[2026-06-18 19:30:11] OK redbird-state — pushed all branches (2 on origin)
[2026-06-18 19:30:12] OK truenumber — pushed all branches (2 on origin)
[2026-06-18 19:30:14] OK defacto-x — pushed all branches (3 on origin)
[2026-06-18 19:30:15] OK biosignal — pushed all branches (2 on origin)
[2026-06-18 19:30:17] OK aspn-treos — pushed all branches (11 on origin)
[2026-06-18 19:45:01] FAIL peptidepedia — push errored (see: git -C /home/marshall/peptidepedia-work push origin --all)
[2026-06-18 19:45:03] OK owenator — pushed all branches (2 on origin)
[2026-06-18 19:45:03] SKIP neuronova — not a git repo (/home/marshall/neuronova)
[2026-06-18 19:45:03] FAIL gotxring — push errored (see: git -C /home/marshall/gotxring-com push origin --all)
[2026-06-18 19:45:05] OK deal-intake — pushed all branches (3 on origin)
[2026-06-18 19:45:06] OK mindwave — pushed all branches (0 on origin)
[2026-06-18 19:45:07] OK qbvault — pushed all branches (1 on origin)
[2026-06-18 19:45:09] OK redbird-state — pushed all branches (2 on origin)
[2026-06-18 19:45:10] OK truenumber — pushed all branches (2 on origin)
[2026-06-18 19:45:11] OK defacto-x — pushed all branches (3 on origin)
[2026-06-18 19:45:13] OK biosignal — pushed all branches (2 on origin)
[2026-06-18 19:45:14] OK aspn-treos — pushed all branches (11 on origin)
[2026-06-18 20:00:01] FAIL peptidepedia — push errored (see: git -C /home/marshall/peptidepedia-work push origin --all)
[2026-06-18 20:00:03] OK owenator — pushed all branches (2 on origin)
[2026-06-18 20:00:03] SKIP neuronova — not a git repo (/home/marshall/neuronova)
[2026-06-18 20:00:03] FAIL gotxring — push errored (see: git -C /home/marshall/gotxring-com push origin --all)
[2026-06-18 20:00:05] OK deal-intake — pushed all branches (3 on origin)
[2026-06-18 20:00:06] OK mindwave — pushed all branches (0 on origin)
[2026-06-18 20:00:07] OK qbvault — pushed all branches (1 on origin)
[2026-06-18 20:00:09] OK redbird-state — pushed all branches (2 on origin)
[2026-06-18 20:00:10] OK truenumber — pushed all branches (2 on origin)
[2026-06-18 20:00:12] OK defacto-x — pushed all branches (3 on origin)
[2026-06-18 20:00:13] OK biosignal — pushed all branches (2 on origin)
[2026-06-18 20:00:15] OK aspn-treos — pushed all branches (11 on origin)
[2026-06-18 20:15:01] FAIL peptidepedia — push errored (see: git -C /home/marshall/peptidepedia-work push origin --all)
[2026-06-18 20:15:03] OK owenator — pushed all branches (2 on origin)
[2026-06-18 20:15:03] SKIP neuronova — not a git repo (/home/marshall/neuronova)
[2026-06-18 20:15:03] FAIL gotxring — push errored (see: git -C /home/marshall/gotxring-com push origin --all)
[2026-06-18 20:15:05] OK deal-intake — pushed all branches (3 on origin)
[2026-06-18 20:15:06] OK mindwave — pushed all branches (0 on origin)
[2026-06-18 20:15:08] OK qbvault — pushed all branches (1 on origin)
[2026-06-18 20:15:09] OK redbird-state — pushed all branches (2 on origin)
[2026-06-18 20:15:11] OK truenumber — pushed all branches (2 on origin)
[2026-06-18 20:15:12] OK defacto-x — pushed all branches (3 on origin)
[2026-06-18 20:15:14] OK biosignal — pushed all branches (2 on origin)
[2026-06-18 20:15:15] OK aspn-treos — pushed all branches (11 on origin)
[2026-06-18 20:30:02] FAIL peptidepedia — push errored (see: git -C /home/marshall/peptidepedia-work push origin --all)
[2026-06-18 20:30:03] OK owenator — pushed all branches (2 on origin)
[2026-06-18 20:30:03] SKIP neuronova — not a git repo (/home/marshall/neuronova)
[2026-06-18 20:30:04] FAIL gotxring — push errored (see: git -C /home/marshall/gotxring-com push origin --all)
[2026-06-18 20:30:05] OK deal-intake — pushed all branches (3 on origin)
[2026-06-18 20:30:07] OK mindwave — pushed all branches (0 on origin)
[2026-06-18 20:30:08] OK qbvault — pushed all branches (1 on origin)
[2026-06-18 20:30:09] OK redbird-state — pushed all branches (2 on origin)
[2026-06-18 20:30:11] OK truenumber — pushed all branches (2 on origin)
[2026-06-18 20:30:12] OK defacto-x — pushed all branches (3 on origin)
[2026-06-18 20:30:14] OK biosignal — pushed all branches (2 on origin)
[2026-06-18 20:30:15] OK aspn-treos — pushed all branches (11 on origin)
[2026-06-18 20:45:01] FAIL peptidepedia — push errored (see: git -C /home/marshall/peptidepedia-work push origin --all)
[2026-06-18 20:45:02] OK owenator — pushed all branches (2 on origin)
[2026-06-18 20:45:02] SKIP neuronova — not a git repo (/home/marshall/neuronova)
[2026-06-18 20:45:03] FAIL gotxring — push errored (see: git -C /home/marshall/gotxring-com push origin --all)
[2026-06-18 20:45:04] OK deal-intake — pushed all branches (3 on origin)
[2026-06-18 20:45:06] OK mindwave — pushed all branches (0 on origin)
[2026-06-18 20:45:07] OK qbvault — pushed all branches (1 on origin)
[2026-06-18 20:45:08] OK redbird-state — pushed all branches (2 on origin)
[2026-06-18 20:45:10] OK truenumber — pushed all branches (2 on origin)
[2026-06-18 20:45:11] OK defacto-x — pushed all branches (3 on origin)
[2026-06-18 20:45:13] OK biosignal — pushed all branches (2 on origin)
[2026-06-18 20:45:14] OK aspn-treos — pushed all branches (11 on origin)
[2026-06-18 21:00:01] FAIL peptidepedia — push errored (see: git -C /home/marshall/peptidepedia-work push origin --all)
[2026-06-18 21:00:03] OK owenator — pushed all branches (2 on origin)
[2026-06-18 21:00:03] SKIP neuronova — not a git repo (/home/marshall/neuronova)
[2026-06-18 21:00:03] FAIL gotxring — push errored (see: git -C /home/marshall/gotxring-com push origin --all)
[2026-06-18 21:00:04] OK deal-intake — pushed all branches (3 on origin)
[2026-06-18 21:00:06] OK mindwave — pushed all branches (0 on origin)
[2026-06-18 21:00:07] OK qbvault — pushed all branches (1 on origin)
[2026-06-18 21:00:09] OK redbird-state — pushed all branches (2 on origin)
[2026-06-18 21:00:10] OK truenumber — pushed all branches (2 on origin)
[2026-06-18 21:00:12] OK defacto-x — pushed all branches (3 on origin)
[2026-06-18 21:00:13] OK biosignal — pushed all branches (2 on origin)
[2026-06-18 21:00:14] OK aspn-treos — pushed all branches (11 on origin)
[2026-06-18 21:15:02] FAIL peptidepedia — push errored (see: git -C /home/marshall/peptidepedia-work push origin --all)
[2026-06-18 21:15:03] OK owenator — pushed all branches (2 on origin)
[2026-06-18 21:15:03] SKIP neuronova — not a git repo (/home/marshall/neuronova)
[2026-06-18 21:15:04] FAIL gotxring — push errored (see: git -C /home/marshall/gotxring-com push origin --all)
[2026-06-18 21:15:05] OK deal-intake — pushed all branches (3 on origin)
[2026-06-18 21:15:07] OK mindwave — pushed all branches (0 on origin)
[2026-06-18 21:15:08] OK qbvault — pushed all branches (1 on origin)
[2026-06-18 21:15:09] OK redbird-state — pushed all branches (2 on origin)
[2026-06-18 21:15:11] OK truenumber — pushed all branches (2 on origin)
[2026-06-18 21:15:12] OK defacto-x — pushed all branches (3 on origin)
[2026-06-18 21:15:14] OK biosignal — pushed all branches (2 on origin)
[2026-06-18 21:15:15] OK aspn-treos — pushed all branches (11 on origin)
[2026-06-18 21:30:02] FAIL peptidepedia — push errored (see: git -C /home/marshall/peptidepedia-work push origin --all)
[2026-06-18 21:30:03] OK owenator — pushed all branches (2 on origin)
[2026-06-18 21:30:03] SKIP neuronova — not a git repo (/home/marshall/neuronova)
[2026-06-18 21:30:04] FAIL gotxring — push errored (see: git -C /home/marshall/gotxring-com push origin --all)
[2026-06-18 21:30:05] OK deal-intake — pushed all branches (3 on origin)
[2026-06-18 21:30:06] OK mindwave — pushed all branches (0 on origin)
[2026-06-18 21:30:08] OK qbvault — pushed all branches (1 on origin)
[2026-06-18 21:30:09] OK redbird-state — pushed all branches (2 on origin)
[2026-06-18 21:30:11] OK truenumber — pushed all branches (2 on origin)
[2026-06-18 21:30:12] OK defacto-x — pushed all branches (3 on origin)
[2026-06-18 21:30:13] OK biosignal — pushed all branches (2 on origin)
[2026-06-18 21:30:15] OK aspn-treos — pushed all branches (11 on origin)
[2026-06-18 21:45:01] FAIL peptidepedia — push errored (see: git -C /home/marshall/peptidepedia-work push origin --all)
[2026-06-18 21:45:03] OK owenator — pushed all branches (2 on origin)
[2026-06-18 21:45:03] SKIP neuronova — not a git repo (/home/marshall/neuronova)
[2026-06-18 21:45:03] FAIL gotxring — push errored (see: git -C /home/marshall/gotxring-com push origin --all)
[2026-06-18 21:45:05] OK deal-intake — pushed all branches (3 on origin)
[2026-06-18 21:45:06] OK mindwave — pushed all branches (0 on origin)
[2026-06-18 21:45:07] OK qbvault — pushed all branches (1 on origin)
[2026-06-18 21:45:09] OK redbird-state — pushed all branches (2 on origin)
[2026-06-18 21:45:10] OK truenumber — pushed all branches (2 on origin)
[2026-06-18 21:45:12] OK defacto-x — pushed all branches (3 on origin)
[2026-06-18 21:45:13] OK biosignal — pushed all branches (2 on origin)
[2026-06-18 21:45:14] OK aspn-treos — pushed all branches (11 on origin)
[2026-06-18 22:00:01] FAIL peptidepedia — push errored (see: git -C /home/marshall/peptidepedia-work push origin --all)
[2026-06-18 22:00:03] OK owenator — pushed all branches (2 on origin)
[2026-06-18 22:00:03] SKIP neuronova — not a git repo (/home/marshall/neuronova)
[2026-06-18 22:00:03] FAIL gotxring — push errored (see: git -C /home/marshall/gotxring-com push origin --all)
[2026-06-18 22:00:04] OK deal-intake — pushed all branches (3 on origin)
[2026-06-18 22:00:06] OK mindwave — pushed all branches (0 on origin)
[2026-06-18 22:00:07] OK qbvault — pushed all branches (1 on origin)
[2026-06-18 22:00:08] OK redbird-state — pushed all branches (2 on origin)
[2026-06-18 22:00:10] OK truenumber — pushed all branches (2 on origin)
[2026-06-18 22:00:11] OK defacto-x — pushed all branches (3 on origin)
[2026-06-18 22:00:12] OK biosignal — pushed all branches (2 on origin)
[2026-06-18 22:00:14] OK aspn-treos — pushed all branches (11 on origin)
[2026-06-18 22:15:02] FAIL peptidepedia — push errored (see: git -C /home/marshall/peptidepedia-work push origin --all)
[2026-06-18 22:15:03] OK owenator — pushed all branches (2 on origin)
[2026-06-18 22:15:03] SKIP neuronova — not a git repo (/home/marshall/neuronova)
[2026-06-18 22:15:03] FAIL gotxring — push errored (see: git -C /home/marshall/gotxring-com push origin --all)
[2026-06-18 22:15:05] OK deal-intake — pushed all branches (3 on origin)
[2026-06-18 22:15:06] OK mindwave — pushed all branches (0 on origin)
[2026-06-18 22:15:08] OK qbvault — pushed all branches (1 on origin)
[2026-06-18 22:15:09] OK redbird-state — pushed all branches (2 on origin)
[2026-06-18 22:15:10] OK truenumber — pushed all branches (2 on origin)
[2026-06-18 22:15:12] OK defacto-x — pushed all branches (3 on origin)
[2026-06-18 22:15:13] OK biosignal — pushed all branches (2 on origin)
[2026-06-18 22:15:15] OK aspn-treos — pushed all branches (11 on origin)
[2026-06-18 22:30:01] FAIL peptidepedia — push errored (see: git -C /home/marshall/peptidepedia-work push origin --all)
[2026-06-18 22:30:03] OK owenator — pushed all branches (2 on origin)
[2026-06-18 22:30:03] SKIP neuronova — not a git repo (/home/marshall/neuronova)
[2026-06-18 22:30:03] FAIL gotxring — push errored (see: git -C /home/marshall/gotxring-com push origin --all)
[2026-06-18 22:30:05] OK deal-intake — pushed all branches (3 on origin)
[2026-06-18 22:30:06] OK mindwave — pushed all branches (0 on origin)
[2026-06-18 22:30:07] OK qbvault — pushed all branches (1 on origin)
[2026-06-18 22:30:09] OK redbird-state — pushed all branches (2 on origin)
[2026-06-18 22:30:10] OK truenumber — pushed all branches (2 on origin)
[2026-06-18 22:30:11] OK defacto-x — pushed all branches (3 on origin)
[2026-06-18 22:30:13] OK biosignal — pushed all branches (2 on origin)
[2026-06-18 22:30:14] OK aspn-treos — pushed all branches (11 on origin)
[2026-06-18 22:45:02] FAIL peptidepedia — push errored (see: git -C /home/marshall/peptidepedia-work push origin --all)
[2026-06-18 22:45:03] OK owenator — pushed all branches (2 on origin)
[2026-06-18 22:45:03] SKIP neuronova — not a git repo (/home/marshall/neuronova)
[2026-06-18 22:45:04] FAIL gotxring — push errored (see: git -C /home/marshall/gotxring-com push origin --all)
[2026-06-18 22:45:05] OK deal-intake — pushed all branches (3 on origin)
[2026-06-18 22:45:06] OK mindwave — pushed all branches (0 on origin)
[2026-06-18 22:45:08] OK qbvault — pushed all branches (1 on origin)
[2026-06-18 22:45:09] OK redbird-state — pushed all branches (2 on origin)
[2026-06-18 22:45:11] OK truenumber — pushed all branches (2 on origin)
[2026-06-18 22:45:12] OK defacto-x — pushed all branches (3 on origin)
[2026-06-18 22:45:13] OK biosignal — pushed all branches (2 on origin)
[2026-06-18 22:45:15] OK aspn-treos — pushed all branches (11 on origin)
[2026-06-18 23:00:01] FAIL peptidepedia — push errored (see: git -C /home/marshall/peptidepedia-work push origin --all)
[2026-06-18 23:00:03] OK owenator — pushed all branches (2 on origin)
[2026-06-18 23:00:03] SKIP neuronova — not a git repo (/home/marshall/neuronova)
[2026-06-18 23:00:03] FAIL gotxring — push errored (see: git -C /home/marshall/gotxring-com push origin --all)
[2026-06-18 23:00:05] OK deal-intake — pushed all branches (3 on origin)
[2026-06-18 23:00:06] OK mindwave — pushed all branches (0 on origin)
[2026-06-18 23:00:08] OK qbvault — pushed all branches (1 on origin)
[2026-06-18 23:00:09] OK redbird-state — pushed all branches (2 on origin)
[2026-06-18 23:00:10] OK truenumber — pushed all branches (2 on origin)
[2026-06-18 23:00:12] OK defacto-x — pushed all branches (3 on origin)
[2026-06-18 23:00:13] OK biosignal — pushed all branches (2 on origin)
[2026-06-18 23:00:14] OK aspn-treos — pushed all branches (11 on origin)
[2026-06-18 23:15:01] FAIL peptidepedia — push errored (see: git -C /home/marshall/peptidepedia-work push origin --all)
[2026-06-18 23:15:03] OK owenator — pushed all branches (2 on origin)
[2026-06-18 23:15:03] SKIP neuronova — not a git repo (/home/marshall/neuronova)
[2026-06-18 23:15:03] FAIL gotxring — push errored (see: git -C /home/marshall/gotxring-com push origin --all)
[2026-06-18 23:15:04] OK deal-intake — pushed all branches (3 on origin)
[2026-06-18 23:15:06] OK mindwave — pushed all branches (0 on origin)
[2026-06-18 23:15:07] OK qbvault — pushed all branches (1 on origin)
[2026-06-18 23:15:08] OK redbird-state — pushed all branches (2 on origin)
[2026-06-18 23:15:10] OK truenumber — pushed all branches (2 on origin)
[2026-06-18 23:15:11] OK defacto-x — pushed all branches (3 on origin)
[2026-06-18 23:15:12] OK biosignal — pushed all branches (2 on origin)
[2026-06-18 23:15:14] OK aspn-treos — pushed all branches (11 on origin)
[2026-06-18 23:30:01] FAIL peptidepedia — push errored (see: git -C /home/marshall/peptidepedia-work push origin --all)
[2026-06-18 23:30:03] OK owenator — pushed all branches (2 on origin)
[2026-06-18 23:30:03] SKIP neuronova — not a git repo (/home/marshall/neuronova)
[2026-06-18 23:30:03] FAIL gotxring — push errored (see: git -C /home/marshall/gotxring-com push origin --all)
[2026-06-18 23:30:05] OK deal-intake — pushed all branches (3 on origin)
[2026-06-18 23:30:06] OK mindwave — pushed all branches (0 on origin)
[2026-06-18 23:30:07] OK qbvault — pushed all branches (1 on origin)
[2026-06-18 23:30:09] OK redbird-state — pushed all branches (2 on origin)
[2026-06-18 23:30:10] OK truenumber — pushed all branches (2 on origin)
[2026-06-18 23:30:11] OK defacto-x — pushed all branches (3 on origin)
[2026-06-18 23:30:13] OK biosignal — pushed all branches (2 on origin)
[2026-06-18 23:30:14] OK aspn-treos — pushed all branches (11 on origin)
[2026-06-18 23:45:02] FAIL peptidepedia — push errored (see: git -C /home/marshall/peptidepedia-work push origin --all)
[2026-06-18 23:45:03] OK owenator — pushed all branches (2 on origin)
[2026-06-18 23:45:03] SKIP neuronova — not a git repo (/home/marshall/neuronova)
[2026-06-18 23:45:04] FAIL gotxring — push errored (see: git -C /home/marshall/gotxring-com push origin --all)
[2026-06-18 23:45:05] OK deal-intake — pushed all branches (3 on origin)
[2026-06-18 23:45:06] OK mindwave — pushed all branches (0 on origin)
[2026-06-18 23:45:08] OK qbvault — pushed all branches (1 on origin)
[2026-06-18 23:45:09] OK redbird-state — pushed all branches (2 on origin)
[2026-06-18 23:45:10] OK truenumber — pushed all branches (2 on origin)
[2026-06-18 23:45:12] OK defacto-x — pushed all branches (3 on origin)
[2026-06-18 23:45:13] OK biosignal — pushed all branches (2 on origin)
[2026-06-18 23:45:14] OK aspn-treos — pushed all branches (11 on origin)
[2026-06-19 00:00:01] FAIL peptidepedia — push errored (see: git -C /home/marshall/peptidepedia-work push origin --all)
[2026-06-19 00:00:03] OK owenator — pushed all branches (2 on origin)
[2026-06-19 00:00:03] SKIP neuronova — not a git repo (/home/marshall/neuronova)
[2026-06-19 00:00:03] FAIL gotxring — push errored (see: git -C /home/marshall/gotxring-com push origin --all)
[2026-06-19 00:00:05] OK deal-intake — pushed all branches (3 on origin)
[2026-06-19 00:00:06] OK mindwave — pushed all branches (0 on origin)
[2026-06-19 00:00:07] OK qbvault — pushed all branches (1 on origin)
[2026-06-19 00:00:09] OK redbird-state — pushed all branches (2 on origin)
[2026-06-19 00:00:10] OK truenumber — pushed all branches (2 on origin)
[2026-06-19 00:00:11] OK defacto-x — pushed all branches (3 on origin)
[2026-06-19 00:00:13] OK biosignal — pushed all branches (2 on origin)
[2026-06-19 00:00:14] OK aspn-treos — pushed all branches (11 on origin)
[2026-06-19 00:15:02] FAIL peptidepedia — push errored (see: git -C /home/marshall/peptidepedia-work push origin --all)
[2026-06-19 00:15:03] OK owenator — pushed all branches (2 on origin)
[2026-06-19 00:15:03] SKIP neuronova — not a git repo (/home/marshall/neuronova)
[2026-06-19 00:15:04] FAIL gotxring — push errored (see: git -C /home/marshall/gotxring-com push origin --all)
[2026-06-19 00:15:05] OK deal-intake — pushed all branches (3 on origin)
[2026-06-19 00:15:06] OK mindwave — pushed all branches (0 on origin)
[2026-06-19 00:15:08] OK qbvault — pushed all branches (1 on origin)
[2026-06-19 00:15:09] OK redbird-state — pushed all branches (2 on origin)
[2026-06-19 00:15:10] OK truenumber — pushed all branches (2 on origin)
[2026-06-19 00:15:12] OK defacto-x — pushed all branches (3 on origin)
[2026-06-19 00:15:13] OK biosignal — pushed all branches (2 on origin)
[2026-06-19 00:15:14] OK aspn-treos — pushed all branches (11 on origin)
[2026-06-19 00:30:01] FAIL peptidepedia — push errored (see: git -C /home/marshall/peptidepedia-work push origin --all)
[2026-06-19 00:30:03] OK owenator — pushed all branches (2 on origin)
[2026-06-19 00:30:03] SKIP neuronova — not a git repo (/home/marshall/neuronova)
[2026-06-19 00:30:03] FAIL gotxring — push errored (see: git -C /home/marshall/gotxring-com push origin --all)
[2026-06-19 00:30:04] OK deal-intake — pushed all branches (3 on origin)
[2026-06-19 00:30:06] OK mindwave — pushed all branches (0 on origin)
[2026-06-19 00:30:07] OK qbvault — pushed all branches (1 on origin)
[2026-06-19 00:30:08] OK redbird-state — pushed all branches (2 on origin)
[2026-06-19 00:30:10] OK truenumber — pushed all branches (2 on origin)
[2026-06-19 00:30:11] OK defacto-x — pushed all branches (3 on origin)
[2026-06-19 00:30:12] OK biosignal — pushed all branches (2 on origin)
[2026-06-19 00:30:14] OK aspn-treos — pushed all branches (11 on origin)
[2026-06-19 00:45:01] FAIL peptidepedia — push errored (see: git -C /home/marshall/peptidepedia-work push origin --all)
[2026-06-19 00:45:03] OK owenator — pushed all branches (2 on origin)
[2026-06-19 00:45:03] SKIP neuronova — not a git repo (/home/marshall/neuronova)
[2026-06-19 00:45:03] FAIL gotxring — push errored (see: git -C /home/marshall/gotxring-com push origin --all)
[2026-06-19 00:45:04] OK deal-intake — pushed all branches (3 on origin)
[2026-06-19 00:45:06] OK mindwave — pushed all branches (0 on origin)
[2026-06-19 00:45:07] OK qbvault — pushed all branches (1 on origin)
[2026-06-19 00:45:09] OK redbird-state — pushed all branches (2 on origin)
[2026-06-19 00:45:10] OK truenumber — pushed all branches (2 on origin)
[2026-06-19 00:45:11] OK defacto-x — pushed all branches (3 on origin)
[2026-06-19 00:45:13] OK biosignal — pushed all branches (2 on origin)
[2026-06-19 00:45:14] OK aspn-treos — pushed all branches (11 on origin)
[2026-06-19 01:00:02] FAIL peptidepedia — push errored (see: git -C /home/marshall/peptidepedia-work push origin --all)
[2026-06-19 01:00:03] OK owenator — pushed all branches (2 on origin)
[2026-06-19 01:00:03] SKIP neuronova — not a git repo (/home/marshall/neuronova)
[2026-06-19 01:00:04] FAIL gotxring — push errored (see: git -C /home/marshall/gotxring-com push origin --all)
[2026-06-19 01:00:05] OK deal-intake — pushed all branches (3 on origin)
[2026-06-19 01:00:06] OK mindwave — pushed all branches (0 on origin)
[2026-06-19 01:00:08] OK qbvault — pushed all branches (1 on origin)
[2026-06-19 01:00:09] OK redbird-state — pushed all branches (2 on origin)
[2026-06-19 01:00:10] OK truenumber — pushed all branches (2 on origin)
[2026-06-19 01:00:12] OK defacto-x — pushed all branches (3 on origin)
[2026-06-19 01:00:13] OK biosignal — pushed all branches (2 on origin)
[2026-06-19 01:00:14] OK aspn-treos — pushed all branches (11 on origin)
[2026-06-19 01:15:01] FAIL peptidepedia — push errored (see: git -C /home/marshall/peptidepedia-work push origin --all)
[2026-06-19 01:15:02] OK owenator — pushed all branches (2 on origin)
[2026-06-19 01:15:02] SKIP neuronova — not a git repo (/home/marshall/neuronova)
[2026-06-19 01:15:03] FAIL gotxring — push errored (see: git -C /home/marshall/gotxring-com push origin --all)
[2026-06-19 01:15:04] OK deal-intake — pushed all branches (3 on origin)
[2026-06-19 01:15:05] OK mindwave — pushed all branches (0 on origin)
[2026-06-19 01:15:07] OK qbvault — pushed all branches (1 on origin)
[2026-06-19 01:15:08] OK redbird-state — pushed all branches (2 on origin)
[2026-06-19 01:15:09] OK truenumber — pushed all branches (2 on origin)
[2026-06-19 01:15:11] OK defacto-x — pushed all branches (3 on origin)
[2026-06-19 01:15:12] OK biosignal — pushed all branches (2 on origin)
[2026-06-19 01:15:13] OK aspn-treos — pushed all branches (11 on origin)
[2026-06-19 01:30:01] FAIL peptidepedia — push errored (see: git -C /home/marshall/peptidepedia-work push origin --all)
[2026-06-19 01:30:02] OK owenator — pushed all branches (2 on origin)
[2026-06-19 01:30:02] SKIP neuronova — not a git repo (/home/marshall/neuronova)
[2026-06-19 01:30:03] FAIL gotxring — push errored (see: git -C /home/marshall/gotxring-com push origin --all)
[2026-06-19 01:30:04] OK deal-intake — pushed all branches (3 on origin)
[2026-06-19 01:30:06] OK mindwave — pushed all branches (0 on origin)
[2026-06-19 01:30:07] OK qbvault — pushed all branches (1 on origin)
[2026-06-19 01:30:08] OK redbird-state — pushed all branches (2 on origin)
[2026-06-19 01:30:09] OK truenumber — pushed all branches (2 on origin)
[2026-06-19 01:30:11] OK defacto-x — pushed all branches (3 on origin)
[2026-06-19 01:30:12] OK biosignal — pushed all branches (2 on origin)
[2026-06-19 01:30:13] OK aspn-treos — pushed all branches (11 on origin)
[2026-06-19 01:45:01] FAIL peptidepedia — push errored (see: git -C /home/marshall/peptidepedia-work push origin --all)
[2026-06-19 01:45:02] OK owenator — pushed all branches (2 on origin)
[2026-06-19 01:45:02] SKIP neuronova — not a git repo (/home/marshall/neuronova)
[2026-06-19 01:45:03] FAIL gotxring — push errored (see: git -C /home/marshall/gotxring-com push origin --all)
[2026-06-19 01:45:04] OK deal-intake — pushed all branches (3 on origin)
[2026-06-19 01:45:06] OK mindwave — pushed all branches (0 on origin)
[2026-06-19 01:45:07] OK qbvault — pushed all branches (1 on origin)
[2026-06-19 01:45:08] OK redbird-state — pushed all branches (2 on origin)
[2026-06-19 01:45:10] OK truenumber — pushed all branches (2 on origin)
[2026-06-19 01:45:11] OK defacto-x — pushed all branches (3 on origin)
[2026-06-19 01:45:12] OK biosignal — pushed all branches (2 on origin)
[2026-06-19 01:45:14] OK aspn-treos — pushed all branches (11 on origin)
[2026-06-19 02:00:01] FAIL peptidepedia — push errored (see: git -C /home/marshall/peptidepedia-work push origin --all)
[2026-06-19 02:00:03] OK owenator — pushed all branches (2 on origin)
[2026-06-19 02:00:03] SKIP neuronova — not a git repo (/home/marshall/neuronova)
[2026-06-19 02:00:03] FAIL gotxring — push errored (see: git -C /home/marshall/gotxring-com push origin --all)
[2026-06-19 02:00:05] OK deal-intake — pushed all branches (3 on origin)
[2026-06-19 02:00:06] OK mindwave — pushed all branches (0 on origin)
[2026-06-19 02:00:07] OK qbvault — pushed all branches (1 on origin)
[2026-06-19 02:00:09] OK redbird-state — pushed all branches (2 on origin)
[2026-06-19 02:00:10] OK truenumber — pushed all branches (2 on origin)
[2026-06-19 02:00:12] OK defacto-x — pushed all branches (3 on origin)
[2026-06-19 02:00:13] OK biosignal — pushed all branches (2 on origin)
[2026-06-19 02:00:14] OK aspn-treos — pushed all branches (11 on origin)
[2026-06-19 02:15:01] FAIL peptidepedia — push errored (see: git -C /home/marshall/peptidepedia-work push origin --all)
[2026-06-19 02:15:03] OK owenator — pushed all branches (2 on origin)
[2026-06-19 02:15:03] SKIP neuronova — not a git repo (/home/marshall/neuronova)
[2026-06-19 02:15:03] FAIL gotxring — push errored (see: git -C /home/marshall/gotxring-com push origin --all)
[2026-06-19 02:15:04] OK deal-intake — pushed all branches (3 on origin)
[2026-06-19 02:15:06] OK mindwave — pushed all branches (0 on origin)
[2026-06-19 02:15:07] OK qbvault — pushed all branches (1 on origin)
[2026-06-19 02:15:08] OK redbird-state — pushed all branches (2 on origin)
[2026-06-19 02:15:09] OK truenumber — pushed all branches (2 on origin)
[2026-06-19 02:15:11] OK defacto-x — pushed all branches (3 on origin)
[2026-06-19 02:15:12] OK biosignal — pushed all branches (2 on origin)
[2026-06-19 02:15:13] OK aspn-treos — pushed all branches (11 on origin)
[2026-06-19 02:30:01] FAIL peptidepedia — push errored (see: git -C /home/marshall/peptidepedia-work push origin --all)
[2026-06-19 02:30:03] OK owenator — pushed all branches (2 on origin)
[2026-06-19 02:30:03] SKIP neuronova — not a git repo (/home/marshall/neuronova)
[2026-06-19 02:30:03] FAIL gotxring — push errored (see: git -C /home/marshall/gotxring-com push origin --all)
[2026-06-19 02:30:04] OK deal-intake — pushed all branches (3 on origin)
[2026-06-19 02:30:06] OK mindwave — pushed all branches (0 on origin)
[2026-06-19 02:30:07] OK qbvault — pushed all branches (1 on origin)
[2026-06-19 02:30:08] OK redbird-state — pushed all branches (2 on origin)
[2026-06-19 02:30:10] OK truenumber — pushed all branches (2 on origin)
[2026-06-19 02:30:11] OK defacto-x — pushed all branches (3 on origin)
[2026-06-19 02:30:12] OK biosignal — pushed all branches (2 on origin)
[2026-06-19 02:30:13] OK aspn-treos — pushed all branches (11 on origin)
[2026-06-19 02:45:01] FAIL peptidepedia — push errored (see: git -C /home/marshall/peptidepedia-work push origin --all)
[2026-06-19 02:45:02] OK owenator — pushed all branches (2 on origin)
[2026-06-19 02:45:02] SKIP neuronova — not a git repo (/home/marshall/neuronova)
[2026-06-19 02:45:03] FAIL gotxring — push errored (see: git -C /home/marshall/gotxring-com push origin --all)
[2026-06-19 02:45:04] OK deal-intake — pushed all branches (3 on origin)
[2026-06-19 02:45:06] OK mindwave — pushed all branches (0 on origin)
[2026-06-19 02:45:07] OK qbvault — pushed all branches (1 on origin)
[2026-06-19 02:45:08] OK redbird-state — pushed all branches (2 on origin)
[2026-06-19 02:45:09] OK truenumber — pushed all branches (2 on origin)
[2026-06-19 02:45:11] OK defacto-x — pushed all branches (3 on origin)
[2026-06-19 02:45:12] OK biosignal — pushed all branches (2 on origin)
[2026-06-19 02:45:13] OK aspn-treos — pushed all branches (11 on origin)
[2026-06-19 03:00:01] FAIL peptidepedia — push errored (see: git -C /home/marshall/peptidepedia-work push origin --all)
[2026-06-19 03:00:03] OK owenator — pushed all branches (2 on origin)
[2026-06-19 03:00:03] SKIP neuronova — not a git repo (/home/marshall/neuronova)
[2026-06-19 03:00:03] FAIL gotxring — push errored (see: git -C /home/marshall/gotxring-com push origin --all)
[2026-06-19 03:00:04] OK deal-intake — pushed all branches (3 on origin)
[2026-06-19 03:00:06] OK mindwave — pushed all branches (0 on origin)
[2026-06-19 03:00:07] OK qbvault — pushed all branches (1 on origin)
[2026-06-19 03:00:08] OK redbird-state — pushed all branches (2 on origin)
[2026-06-19 03:00:10] OK truenumber — pushed all branches (2 on origin)
[2026-06-19 03:00:11] OK defacto-x — pushed all branches (3 on origin)
[2026-06-19 03:00:12] OK biosignal — pushed all branches (2 on origin)
[2026-06-19 03:00:14] OK aspn-treos — pushed all branches (11 on origin)
